\\mac\home\documents\rackafxprojects\echoplex\rafx2 winbuild\build\echoplex.pdb
\\mac\home\documents\rackafxprojects\echoplex\rafx2 winbuild\build\pluginguimain.res
\\mac\home\documents\rackafxprojects\echoplex\rafx2 winbuild\build\echoplex.lib
\\mac\home\documents\rackafxprojects\echoplex\rafx2 winbuild\build\echoplex.exp
\\mac\home\documents\rackafxprojects\echoplex\rafx2 winbuild\build\vc142.pdb
\\mac\home\documents\rackafxprojects\echoplex\rafx2 winbuild\build\vc142.idb
\\mac\home\documents\rackafxprojects\echoplex\rafx2 winbuild\build\vstgui_uidescription_win32.obj
\\mac\home\documents\rackafxprojects\echoplex\rafx2 winbuild\build\vstgui_win32.obj
\\mac\home\documents\rackafxprojects\echoplex\rafx2 winbuild\build\customcontrols.obj
\\mac\home\documents\rackafxprojects\echoplex\rafx2 winbuild\build\customviews.obj
\\mac\home\documents\rackafxprojects\echoplex\rafx2 winbuild\build\pluginbase.obj
\\mac\home\documents\rackafxprojects\echoplex\rafx2 winbuild\build\plugincore.obj
\\mac\home\documents\rackafxprojects\echoplex\rafx2 winbuild\build\plugingui.obj
\\mac\home\documents\rackafxprojects\echoplex\rafx2 winbuild\build\pluginparameter.obj
\\mac\home\documents\rackafxprojects\echoplex\rafx2 winbuild\build\fxobjects.obj
\\mac\home\documents\rackafxprojects\echoplex\rafx2 winbuild\build\rackafxdll.obj
\\mac\home\documents\rackafxprojects\echoplex\rafx2 winbuild\build\rafx2plugin.obj
\\mac\home\documents\rackafxprojects\echoplex\rafx2 winbuild\build\rafx2pluginbase.obj
c:\users\michaelmartinaitis\appdata\roaming\rackafx 7.0\plugins\echoplex.pdb
c:\users\michaelmartinaitis\appdata\roaming\rackafx 7.0\plugins\echoplex.rafx2
\\mac\home\documents\rackafxprojects\echoplex\rafx2 winbuild\build\echoplex.tlog\link.read.1.tlog
\\mac\home\documents\rackafxprojects\echoplex\rafx2 winbuild\build\echoplex.tlog\link.command.1.tlog
\\mac\home\documents\rackafxprojects\echoplex\rafx2 winbuild\build\echoplex.tlog\rc.command.1.tlog
\\mac\home\documents\rackafxprojects\echoplex\rafx2 winbuild\build\echoplex.tlog\link.write.1.tlog
\\mac\home\documents\rackafxprojects\echoplex\rafx2 winbuild\build\echoplex.tlog\cl.read.1.tlog
\\mac\home\documents\rackafxprojects\echoplex\rafx2 winbuild\build\echoplex.tlog\rc.write.1.tlog
\\mac\home\documents\rackafxprojects\echoplex\rafx2 winbuild\build\echoplex.tlog\echoplex.write.1u.tlog
\\mac\home\documents\rackafxprojects\echoplex\rafx2 winbuild\build\echoplex.tlog\cl.command.1.tlog
\\mac\home\documents\rackafxprojects\echoplex\rafx2 winbuild\build\echoplex.tlog\rc.read.1.tlog
\\mac\home\documents\rackafxprojects\echoplex\rafx2 winbuild\build\echoplex.tlog\cl.write.1.tlog
