cl : command line warning D9035: option 'Gm' has been deprecated and will be removed in a future release
  Rafx2PluginBase.cpp
  Rafx2Plugin.cpp
\\Mac\Home\Documents\RackAFXProjects\Echoplex\PluginObjects\fxobjects.h(333,32): warning C4244: '=': conversion from 'double' to 'float', possible loss of data
\\Mac\Home\Documents\RackAFXProjects\Echoplex\PluginObjects\fxobjects.h(649,12): warning C4244: '=': conversion from 'double' to 'int', possible loss of data
\\Mac\Home\Documents\RackAFXProjects\Echoplex\PluginObjects\fxobjects.h(650,12): warning C4244: '=': conversion from 'double' to 'int', possible loss of data
\\Mac\Home\Documents\RackAFXProjects\Echoplex\PluginObjects\fxobjects.h(741,11): warning C4018: '<=': signed/unsigned mismatch
\\Mac\Home\Documents\RackAFXProjects\Echoplex\PluginObjects\fxobjects.h(743,15): warning C4018: '>': signed/unsigned mismatch
\\Mac\Home\Documents\RackAFXProjects\Echoplex\PluginObjects\fxobjects.h(743,43): warning C4018: '<': signed/unsigned mismatch
\\Mac\Home\Documents\RackAFXProjects\Echoplex\PluginObjects\fxobjects.h(756,11): warning C4018: '>=': signed/unsigned mismatch
\\Mac\Home\Documents\RackAFXProjects\Echoplex\PluginObjects\fxobjects.h(758,16): warning C4018: '>': signed/unsigned mismatch
\\Mac\Home\Documents\RackAFXProjects\Echoplex\PluginObjects\fxobjects.h(758,43): warning C4018: '<': signed/unsigned mismatch
\\Mac\Home\Documents\RackAFXProjects\Echoplex\PluginObjects\fxobjects.h(771,11): warning C4018: '>=': signed/unsigned mismatch
\\Mac\Home\Documents\RackAFXProjects\Echoplex\PluginObjects\fxobjects.h(771,38): warning C4018: '<=': signed/unsigned mismatch
\\Mac\Home\Documents\RackAFXProjects\Echoplex\PluginObjects\fxobjects.h(773,16): warning C4018: '>': signed/unsigned mismatch
\\Mac\Home\Documents\RackAFXProjects\Echoplex\PluginObjects\fxobjects.h(773,43): warning C4018: '<': signed/unsigned mismatch
\\Mac\Home\Documents\RackAFXProjects\Echoplex\PluginObjects\fxobjects.h(775,16): warning C4018: '>': signed/unsigned mismatch
\\Mac\Home\Documents\RackAFXProjects\Echoplex\PluginObjects\fxobjects.h(775,44): warning C4018: '<': signed/unsigned mismatch
\\Mac\Home\Documents\RackAFXProjects\Echoplex\PluginObjects\fxobjects.h(1088,26): warning C4018: '<': signed/unsigned mismatch
\\Mac\Home\Documents\RackAFXProjects\Echoplex\PluginObjects\fxobjects.h(1110,12): warning C4018: '>=': signed/unsigned mismatch
\\Mac\Home\Documents\RackAFXProjects\Echoplex\PluginObjects\fxobjects.h(1130,11): warning C4018: '>=': signed/unsigned mismatch
\\Mac\Home\Documents\RackAFXProjects\Echoplex\PluginObjects\fxobjects.h(2788,39): warning C4244: '=': conversion from 'double' to 'float', possible loss of data
\\Mac\Home\Documents\RackAFXProjects\Echoplex\PluginObjects\fxobjects.h(2839,20): warning C4244: '=': conversion from 'double' to 'float', possible loss of data
\\Mac\Home\Documents\RackAFXProjects\Echoplex\PluginObjects\fxobjects.h(2842,20): warning C4244: '=': conversion from 'double' to 'float', possible loss of data
\\Mac\Home\Documents\RackAFXProjects\Echoplex\PluginObjects\fxobjects.h(2995,20): warning C4244: 'argument': conversion from 'time_t' to 'unsigned int', possible loss of data
\\Mac\Home\Documents\RackAFXProjects\Echoplex\PluginObjects\fxobjects.h(3353,15): warning C4244: 'initializing': conversion from 'double' to 'float', possible loss of data
\\Mac\Home\Documents\RackAFXProjects\Echoplex\PluginObjects\fxobjects.h(4888,29): warning C4244: '=': conversion from 'double' to 'float', possible loss of data
\\Mac\Home\Documents\RackAFXProjects\Echoplex\PluginObjects\fxobjects.h(4891,29): warning C4244: '=': conversion from 'double' to 'float', possible loss of data
\\Mac\Home\Documents\RackAFXProjects\Echoplex\PluginObjects\fxobjects.h(4892,29): warning C4244: '=': conversion from 'double' to 'float', possible loss of data
\\Mac\Home\Documents\RackAFXProjects\Echoplex\PluginObjects\fxobjects.h(8704,20): warning C4018: '<': signed/unsigned mismatch
\\Mac\Home\Documents\RackAFXProjects\Echoplex\PluginObjects\fxobjects.h(8708,20): warning C4018: '<=': signed/unsigned mismatch
\\Mac\Home\Documents\RackAFXProjects\Echoplex\PluginObjects\noisegen.h(104,13): warning C4244: 'argument': conversion from 'time_t' to 'unsigned int', possible loss of data
\\Mac\Home\Documents\RackAFXProjects\Echoplex\PluginObjects\EchoplexTapeDelay.h(157,39): warning C4244: '=': conversion from 'double' to 'float', possible loss of data
\\Mac\Home\Documents\RackAFXProjects\Echoplex\PluginObjects\EchoplexTapeDelay.h(218,20): warning C4244: '=': conversion from 'double' to 'float', possible loss of data
\\Mac\Home\Documents\RackAFXProjects\Echoplex\PluginObjects\EchoplexTapeDelay.h(221,20): warning C4244: '=': conversion from 'double' to 'float', possible loss of data
  RackAFXDLL.cpp
\\Mac\Home\Documents\RackAFXProjects\Echoplex\PluginObjects\fxobjects.h(333,32): warning C4244: '=': conversion from 'double' to 'float', possible loss of data
\\Mac\Home\Documents\RackAFXProjects\Echoplex\PluginObjects\fxobjects.h(649,12): warning C4244: '=': conversion from 'double' to 'int', possible loss of data
\\Mac\Home\Documents\RackAFXProjects\Echoplex\PluginObjects\fxobjects.h(650,12): warning C4244: '=': conversion from 'double' to 'int', possible loss of data
\\Mac\Home\Documents\RackAFXProjects\Echoplex\PluginObjects\fxobjects.h(741,11): warning C4018: '<=': signed/unsigned mismatch
\\Mac\Home\Documents\RackAFXProjects\Echoplex\PluginObjects\fxobjects.h(743,15): warning C4018: '>': signed/unsigned mismatch
\\Mac\Home\Documents\RackAFXProjects\Echoplex\PluginObjects\fxobjects.h(743,43): warning C4018: '<': signed/unsigned mismatch
\\Mac\Home\Documents\RackAFXProjects\Echoplex\PluginObjects\fxobjects.h(756,11): warning C4018: '>=': signed/unsigned mismatch
\\Mac\Home\Documents\RackAFXProjects\Echoplex\PluginObjects\fxobjects.h(758,16): warning C4018: '>': signed/unsigned mismatch
\\Mac\Home\Documents\RackAFXProjects\Echoplex\PluginObjects\fxobjects.h(758,43): warning C4018: '<': signed/unsigned mismatch
\\Mac\Home\Documents\RackAFXProjects\Echoplex\PluginObjects\fxobjects.h(771,11): warning C4018: '>=': signed/unsigned mismatch
\\Mac\Home\Documents\RackAFXProjects\Echoplex\PluginObjects\fxobjects.h(771,38): warning C4018: '<=': signed/unsigned mismatch
\\Mac\Home\Documents\RackAFXProjects\Echoplex\PluginObjects\fxobjects.h(773,16): warning C4018: '>': signed/unsigned mismatch
\\Mac\Home\Documents\RackAFXProjects\Echoplex\PluginObjects\fxobjects.h(773,43): warning C4018: '<': signed/unsigned mismatch
\\Mac\Home\Documents\RackAFXProjects\Echoplex\PluginObjects\fxobjects.h(775,16): warning C4018: '>': signed/unsigned mismatch
\\Mac\Home\Documents\RackAFXProjects\Echoplex\PluginObjects\fxobjects.h(775,44): warning C4018: '<': signed/unsigned mismatch
\\Mac\Home\Documents\RackAFXProjects\Echoplex\PluginObjects\fxobjects.h(1088,26): warning C4018: '<': signed/unsigned mismatch
\\Mac\Home\Documents\RackAFXProjects\Echoplex\PluginObjects\fxobjects.h(1110,12): warning C4018: '>=': signed/unsigned mismatch
\\Mac\Home\Documents\RackAFXProjects\Echoplex\PluginObjects\fxobjects.h(1130,11): warning C4018: '>=': signed/unsigned mismatch
\\Mac\Home\Documents\RackAFXProjects\Echoplex\PluginObjects\fxobjects.h(2788,39): warning C4244: '=': conversion from 'double' to 'float', possible loss of data
\\Mac\Home\Documents\RackAFXProjects\Echoplex\PluginObjects\fxobjects.h(2839,20): warning C4244: '=': conversion from 'double' to 'float', possible loss of data
\\Mac\Home\Documents\RackAFXProjects\Echoplex\PluginObjects\fxobjects.h(2842,20): warning C4244: '=': conversion from 'double' to 'float', possible loss of data
\\Mac\Home\Documents\RackAFXProjects\Echoplex\PluginObjects\fxobjects.h(2995,20): warning C4244: 'argument': conversion from 'time_t' to 'unsigned int', possible loss of data
\\Mac\Home\Documents\RackAFXProjects\Echoplex\PluginObjects\fxobjects.h(3353,15): warning C4244: 'initializing': conversion from 'double' to 'float', possible loss of data
\\Mac\Home\Documents\RackAFXProjects\Echoplex\PluginObjects\fxobjects.h(4888,29): warning C4244: '=': conversion from 'double' to 'float', possible loss of data
\\Mac\Home\Documents\RackAFXProjects\Echoplex\PluginObjects\fxobjects.h(4891,29): warning C4244: '=': conversion from 'double' to 'float', possible loss of data
\\Mac\Home\Documents\RackAFXProjects\Echoplex\PluginObjects\fxobjects.h(4892,29): warning C4244: '=': conversion from 'double' to 'float', possible loss of data
\\Mac\Home\Documents\RackAFXProjects\Echoplex\PluginObjects\fxobjects.h(8704,20): warning C4018: '<': signed/unsigned mismatch
\\Mac\Home\Documents\RackAFXProjects\Echoplex\PluginObjects\fxobjects.h(8708,20): warning C4018: '<=': signed/unsigned mismatch
\\Mac\Home\Documents\RackAFXProjects\Echoplex\PluginObjects\noisegen.h(104,13): warning C4244: 'argument': conversion from 'time_t' to 'unsigned int', possible loss of data
\\Mac\Home\Documents\RackAFXProjects\Echoplex\PluginObjects\EchoplexTapeDelay.h(157,39): warning C4244: '=': conversion from 'double' to 'float', possible loss of data
\\Mac\Home\Documents\RackAFXProjects\Echoplex\PluginObjects\EchoplexTapeDelay.h(218,20): warning C4244: '=': conversion from 'double' to 'float', possible loss of data
\\Mac\Home\Documents\RackAFXProjects\Echoplex\PluginObjects\EchoplexTapeDelay.h(221,20): warning C4244: '=': conversion from 'double' to 'float', possible loss of data
  fxobjects.cpp
\\Mac\Home\Documents\RackAFXProjects\Echoplex\PluginObjects\fxobjects.h(333,32): warning C4244: '=': conversion from 'double' to 'float', possible loss of data
\\Mac\Home\Documents\RackAFXProjects\Echoplex\PluginObjects\fxobjects.h(649,12): warning C4244: '=': conversion from 'double' to 'int', possible loss of data
\\Mac\Home\Documents\RackAFXProjects\Echoplex\PluginObjects\fxobjects.h(650,12): warning C4244: '=': conversion from 'double' to 'int', possible loss of data
\\Mac\Home\Documents\RackAFXProjects\Echoplex\PluginObjects\fxobjects.h(741,11): warning C4018: '<=': signed/unsigned mismatch
\\Mac\Home\Documents\RackAFXProjects\Echoplex\PluginObjects\fxobjects.h(743,15): warning C4018: '>': signed/unsigned mismatch
\\Mac\Home\Documents\RackAFXProjects\Echoplex\PluginObjects\fxobjects.h(743,43): warning C4018: '<': signed/unsigned mismatch
\\Mac\Home\Documents\RackAFXProjects\Echoplex\PluginObjects\fxobjects.h(756,11): warning C4018: '>=': signed/unsigned mismatch
\\Mac\Home\Documents\RackAFXProjects\Echoplex\PluginObjects\fxobjects.h(758,16): warning C4018: '>': signed/unsigned mismatch
\\Mac\Home\Documents\RackAFXProjects\Echoplex\PluginObjects\fxobjects.h(758,43): warning C4018: '<': signed/unsigned mismatch
\\Mac\Home\Documents\RackAFXProjects\Echoplex\PluginObjects\fxobjects.h(771,11): warning C4018: '>=': signed/unsigned mismatch
\\Mac\Home\Documents\RackAFXProjects\Echoplex\PluginObjects\fxobjects.h(771,38): warning C4018: '<=': signed/unsigned mismatch
\\Mac\Home\Documents\RackAFXProjects\Echoplex\PluginObjects\fxobjects.h(773,16): warning C4018: '>': signed/unsigned mismatch
\\Mac\Home\Documents\RackAFXProjects\Echoplex\PluginObjects\fxobjects.h(773,43): warning C4018: '<': signed/unsigned mismatch
\\Mac\Home\Documents\RackAFXProjects\Echoplex\PluginObjects\fxobjects.h(775,16): warning C4018: '>': signed/unsigned mismatch
\\Mac\Home\Documents\RackAFXProjects\Echoplex\PluginObjects\fxobjects.h(775,44): warning C4018: '<': signed/unsigned mismatch
\\Mac\Home\Documents\RackAFXProjects\Echoplex\PluginObjects\fxobjects.h(1088,26): warning C4018: '<': signed/unsigned mismatch
\\Mac\Home\Documents\RackAFXProjects\Echoplex\PluginObjects\fxobjects.h(1110,12): warning C4018: '>=': signed/unsigned mismatch
\\Mac\Home\Documents\RackAFXProjects\Echoplex\PluginObjects\fxobjects.h(1130,11): warning C4018: '>=': signed/unsigned mismatch
\\Mac\Home\Documents\RackAFXProjects\Echoplex\PluginObjects\fxobjects.h(2788,39): warning C4244: '=': conversion from 'double' to 'float', possible loss of data
\\Mac\Home\Documents\RackAFXProjects\Echoplex\PluginObjects\fxobjects.h(2839,20): warning C4244: '=': conversion from 'double' to 'float', possible loss of data
\\Mac\Home\Documents\RackAFXProjects\Echoplex\PluginObjects\fxobjects.h(2842,20): warning C4244: '=': conversion from 'double' to 'float', possible loss of data
\\Mac\Home\Documents\RackAFXProjects\Echoplex\PluginObjects\fxobjects.h(2995,20): warning C4244: 'argument': conversion from 'time_t' to 'unsigned int', possible loss of data
\\Mac\Home\Documents\RackAFXProjects\Echoplex\PluginObjects\fxobjects.h(3353,15): warning C4244: 'initializing': conversion from 'double' to 'float', possible loss of data
\\Mac\Home\Documents\RackAFXProjects\Echoplex\PluginObjects\fxobjects.h(4888,29): warning C4244: '=': conversion from 'double' to 'float', possible loss of data
\\Mac\Home\Documents\RackAFXProjects\Echoplex\PluginObjects\fxobjects.h(4891,29): warning C4244: '=': conversion from 'double' to 'float', possible loss of data
\\Mac\Home\Documents\RackAFXProjects\Echoplex\PluginObjects\fxobjects.h(4892,29): warning C4244: '=': conversion from 'double' to 'float', possible loss of data
\\Mac\Home\Documents\RackAFXProjects\Echoplex\PluginObjects\fxobjects.h(8704,20): warning C4018: '<': signed/unsigned mismatch
\\Mac\Home\Documents\RackAFXProjects\Echoplex\PluginObjects\fxobjects.h(8708,20): warning C4018: '<=': signed/unsigned mismatch
  pluginparameter.cpp
  plugingui.cpp
\\Mac\Home\Documents\RackAFXProjects\Echoplex\PluginKernel\plugingui.cpp(1569,61): warning C4244: '=': conversion from 'double' to 'float', possible loss of data
  plugincore.cpp
\\Mac\Home\Documents\RackAFXProjects\Echoplex\PluginObjects\fxobjects.h(333,32): warning C4244: '=': conversion from 'double' to 'float', possible loss of data
\\Mac\Home\Documents\RackAFXProjects\Echoplex\PluginObjects\fxobjects.h(649,12): warning C4244: '=': conversion from 'double' to 'int', possible loss of data
\\Mac\Home\Documents\RackAFXProjects\Echoplex\PluginObjects\fxobjects.h(650,12): warning C4244: '=': conversion from 'double' to 'int', possible loss of data
\\Mac\Home\Documents\RackAFXProjects\Echoplex\PluginObjects\fxobjects.h(741,11): warning C4018: '<=': signed/unsigned mismatch
\\Mac\Home\Documents\RackAFXProjects\Echoplex\PluginObjects\fxobjects.h(743,15): warning C4018: '>': signed/unsigned mismatch
\\Mac\Home\Documents\RackAFXProjects\Echoplex\PluginObjects\fxobjects.h(743,43): warning C4018: '<': signed/unsigned mismatch
\\Mac\Home\Documents\RackAFXProjects\Echoplex\PluginObjects\fxobjects.h(756,11): warning C4018: '>=': signed/unsigned mismatch
\\Mac\Home\Documents\RackAFXProjects\Echoplex\PluginObjects\fxobjects.h(758,16): warning C4018: '>': signed/unsigned mismatch
\\Mac\Home\Documents\RackAFXProjects\Echoplex\PluginObjects\fxobjects.h(758,43): warning C4018: '<': signed/unsigned mismatch
\\Mac\Home\Documents\RackAFXProjects\Echoplex\PluginObjects\fxobjects.h(771,11): warning C4018: '>=': signed/unsigned mismatch
\\Mac\Home\Documents\RackAFXProjects\Echoplex\PluginObjects\fxobjects.h(771,38): warning C4018: '<=': signed/unsigned mismatch
\\Mac\Home\Documents\RackAFXProjects\Echoplex\PluginObjects\fxobjects.h(773,16): warning C4018: '>': signed/unsigned mismatch
\\Mac\Home\Documents\RackAFXProjects\Echoplex\PluginObjects\fxobjects.h(773,43): warning C4018: '<': signed/unsigned mismatch
\\Mac\Home\Documents\RackAFXProjects\Echoplex\PluginObjects\fxobjects.h(775,16): warning C4018: '>': signed/unsigned mismatch
\\Mac\Home\Documents\RackAFXProjects\Echoplex\PluginObjects\fxobjects.h(775,44): warning C4018: '<': signed/unsigned mismatch
\\Mac\Home\Documents\RackAFXProjects\Echoplex\PluginObjects\fxobjects.h(1088,26): warning C4018: '<': signed/unsigned mismatch
\\Mac\Home\Documents\RackAFXProjects\Echoplex\PluginObjects\fxobjects.h(1110,12): warning C4018: '>=': signed/unsigned mismatch
\\Mac\Home\Documents\RackAFXProjects\Echoplex\PluginObjects\fxobjects.h(1130,11): warning C4018: '>=': signed/unsigned mismatch
\\Mac\Home\Documents\RackAFXProjects\Echoplex\PluginObjects\fxobjects.h(2788,39): warning C4244: '=': conversion from 'double' to 'float', possible loss of data
\\Mac\Home\Documents\RackAFXProjects\Echoplex\PluginObjects\fxobjects.h(2839,20): warning C4244: '=': conversion from 'double' to 'float', possible loss of data
\\Mac\Home\Documents\RackAFXProjects\Echoplex\PluginObjects\fxobjects.h(2842,20): warning C4244: '=': conversion from 'double' to 'float', possible loss of data
\\Mac\Home\Documents\RackAFXProjects\Echoplex\PluginObjects\fxobjects.h(2995,20): warning C4244: 'argument': conversion from 'time_t' to 'unsigned int', possible loss of data
\\Mac\Home\Documents\RackAFXProjects\Echoplex\PluginObjects\fxobjects.h(3353,15): warning C4244: 'initializing': conversion from 'double' to 'float', possible loss of data
\\Mac\Home\Documents\RackAFXProjects\Echoplex\PluginObjects\fxobjects.h(4888,29): warning C4244: '=': conversion from 'double' to 'float', possible loss of data
\\Mac\Home\Documents\RackAFXProjects\Echoplex\PluginObjects\fxobjects.h(4891,29): warning C4244: '=': conversion from 'double' to 'float', possible loss of data
\\Mac\Home\Documents\RackAFXProjects\Echoplex\PluginObjects\fxobjects.h(4892,29): warning C4244: '=': conversion from 'double' to 'float', possible loss of data
\\Mac\Home\Documents\RackAFXProjects\Echoplex\PluginObjects\fxobjects.h(8704,20): warning C4018: '<': signed/unsigned mismatch
\\Mac\Home\Documents\RackAFXProjects\Echoplex\PluginObjects\fxobjects.h(8708,20): warning C4018: '<=': signed/unsigned mismatch
\\Mac\Home\Documents\RackAFXProjects\Echoplex\PluginObjects\noisegen.h(104,13): warning C4244: 'argument': conversion from 'time_t' to 'unsigned int', possible loss of data
\\Mac\Home\Documents\RackAFXProjects\Echoplex\PluginObjects\EchoplexTapeDelay.h(157,39): warning C4244: '=': conversion from 'double' to 'float', possible loss of data
\\Mac\Home\Documents\RackAFXProjects\Echoplex\PluginObjects\EchoplexTapeDelay.h(218,20): warning C4244: '=': conversion from 'double' to 'float', possible loss of data
\\Mac\Home\Documents\RackAFXProjects\Echoplex\PluginObjects\EchoplexTapeDelay.h(221,20): warning C4244: '=': conversion from 'double' to 'float', possible loss of data
\\Mac\Home\Documents\RackAFXProjects\Echoplex\PluginKernel\plugincore.cpp(404,23): warning C4838: conversion from 'double' to 'float' requires a narrowing conversion
\\Mac\Home\Documents\RackAFXProjects\Echoplex\PluginKernel\plugincore.cpp(404,23): warning C4244: 'initializing': conversion from 'double' to 'float', possible loss of data
\\Mac\Home\Documents\RackAFXProjects\Echoplex\PluginKernel\plugincore.cpp(404,28): warning C4838: conversion from 'double' to 'float' requires a narrowing conversion
\\Mac\Home\Documents\RackAFXProjects\Echoplex\PluginKernel\plugincore.cpp(404,28): warning C4244: 'initializing': conversion from 'double' to 'float', possible loss of data
  pluginbase.cpp
  customviews.cpp
\\Mac\Home\Documents\RackAFXProjects\Echoplex\CustomControls\customviews.cpp(80,30): warning C4244: 'argument': conversion from 'double' to 'float', possible loss of data
\\Mac\Home\Documents\RackAFXProjects\Echoplex\CustomControls\customviews.cpp(475,44): warning C4244: 'argument': conversion from 'double' to 'float', possible loss of data
  customcontrols.cpp
  vstgui_win32.cpp
\\Mac\Home\Documents\RackAFXProjects\vstgui4\vstgui\lib\cview.cpp(1010,1): warning C4996: 'VSTGUI::Animation::Animator::addAnimation': was declared deprecated
\\Mac\Home\Documents\RackAFXProjects\vstgui4\vstgui\lib\animation\animator.h(26): message : see declaration of 'VSTGUI::Animation::Animator::addAnimation'
  vstgui_uidescription_win32.cpp
  Generating Code...
     Creating library \\Mac\Home\Documents\RackAFXProjects\Echoplex\RAFX2 WinBuild\\build\Echoplex.lib and object \\Mac\Home\Documents\RackAFXProjects\Echoplex\RAFX2 WinBuild\\build\Echoplex.exp
  Echoplex.vcxproj -> C:\Users\michaelmartinaitis\AppData\Roaming\RackAFX 7.0\PlugIns\Echoplex.rafx2
